<?xml version="1.0" encoding="UTF-8"?>
<!-- Generated by org.testng.reporters.JUnitXMLReporter -->
<testsuite ignored="0" hostname="IT1806226" failures="0" tests="22" name="Default test" time="1493.547" errors="0" timestamp="2022-03-22T23:05:27 IST">
  <testcase classname="runner.RunnerFile3" name="Scenario" time="43.735"/>
  <testcase classname="runner.RunnerFile3" name="Scenario" time="26.209"/>
  <testcase classname="runner.RunnerFile3" name="Scenario" time="28.284"/>
  <testcase classname="runner.RunnerFile3" name="Scenario" time="27.295"/>
  <testcase classname="runner.RunnerFile3" name="Scenario" time="26.858"/>
  <testcase classname="runner.RunnerFile3" name="Scenario" time="26.2"/>
  <testcase classname="runner.RunnerFile3" name="Scenario" time="42.971"/>
  <testcase classname="runner.RunnerFile3" name="Scenario" time="59.578"/>
  <testcase classname="runner.RunnerFile3" name="Scenario" time="52.42"/>
  <testcase classname="runner.RunnerFile3" name="Scenario" time="56.156"/>
  <testcase classname="runner.RunnerFile3" name="Scenario" time="46.895"/>
  <testcase classname="runner.RunnerFile3" name="Scenario" time="50.709"/>
  <testcase classname="runner.RunnerFile3" name="Scenario" time="105.196"/>
  <testcase classname="runner.RunnerFile3" name="Scenario" time="153.12"/>
  <testcase classname="runner.RunnerFile3" name="Scenario" time="99.13"/>
  <testcase classname="runner.RunnerFile3" name="Scenario" time="135.807"/>
  <testcase classname="runner.RunnerFile3" name="Scenario" time="80.156"/>
  <testcase classname="runner.RunnerFile3" name="Scenario" time="155.081"/>
  <testcase classname="runner.RunnerFile3" name="Scenario" time="48.505"/>
  <testcase classname="runner.RunnerFile3" name="Scenario" time="56.756"/>
  <testcase classname="runner.RunnerFile3" name="Scenario" time="70.168"/>
  <testcase classname="runner.RunnerFile3" name="Scenario" time="100.868"/>
</testsuite> <!-- Default test -->
