<?xml version="1.0" encoding="UTF-8"?>
<testng-results ignored="0" total="22" passed="22" failed="0" skipped="0">
  <reporter-output>
  </reporter-output>
  <suite started-at="2022-03-22T22:40:33 IST" name="Default suite" finished-at="2022-03-22T23:05:27 IST" duration-ms="1493547">
    <groups>
      <group name="cucumber">
        <method signature="RunnerFile3.Scenario(io.cucumber.testng.PickleWrapper,io.cucumber.testng.FeatureWrapper)[pri:0, instance:runner.RunnerFile3@692f203f]" name="Scenario" class="runner.RunnerFile3"/>
      </group> <!-- cucumber -->
    </groups>
    <test started-at="2022-03-22T22:40:33 IST" name="Default test" finished-at="2022-03-22T23:05:27 IST" duration-ms="1493547">
      <class name="runner.RunnerFile3">
        <test-method is-config="true" signature="setUpCucumber()[pri:0, instance:runner.RunnerFile3@692f203f]" started-at="2022-03-22T22:40:33 IST" name="setUpCucumber" finished-at="2022-03-22T22:40:34 IST" duration-ms="926" status="PASS">
          <reporter-output>
          </reporter-output>
        </test-method> <!-- setUpCucumber -->
        <test-method is-config="true" signature="setUpClass()[pri:0, instance:runner.RunnerFile3@692f203f]" started-at="2022-03-22T22:40:34 IST" name="setUpClass" finished-at="2022-03-22T22:40:34 IST" duration-ms="0" status="PASS">
          <reporter-output>
          </reporter-output>
        </test-method> <!-- setUpClass -->
        <test-method signature="Scenario(io.cucumber.testng.PickleWrapper,io.cucumber.testng.FeatureWrapper)[pri:0, instance:runner.RunnerFile3@692f203f]" started-at="2022-03-22T22:40:34 IST" name="Scenario" description="Runs Cucumber Feature" data-provider="Scenarios" finished-at="2022-03-22T22:41:18 IST" duration-ms="43735" status="PASS">
          <params>
            <param index="0">
              <value>
                <![CDATA["Top Menu Options"]]>
              </value>
            </param>
            <param index="1">
              <value>
                <![CDATA["Optional[Verification of functionality of Top Menu Options]"]]>
              </value>
            </param>
          </params>
          <reporter-output>
          </reporter-output>
        </test-method> <!-- Scenario -->
        <test-method is-config="true" signature="setUpClass()[pri:0, instance:runner.RunnerFile3@692f203f]" started-at="2022-03-22T22:41:18 IST" name="setUpClass" finished-at="2022-03-22T22:41:18 IST" duration-ms="0" status="PASS">
          <reporter-output>
          </reporter-output>
        </test-method> <!-- setUpClass -->
        <test-method signature="Scenario(io.cucumber.testng.PickleWrapper,io.cucumber.testng.FeatureWrapper)[pri:0, instance:runner.RunnerFile3@692f203f]" started-at="2022-03-22T22:41:18 IST" name="Scenario" description="Runs Cucumber Feature" data-provider="Scenarios" finished-at="2022-03-22T22:41:44 IST" duration-ms="26209" status="PASS">
          <params>
            <param index="0">
              <value>
                <![CDATA["Check User is able to login with valid mobile number"]]>
              </value>
            </param>
            <param index="1">
              <value>
                <![CDATA["Optional[Login Check]"]]>
              </value>
            </param>
          </params>
          <reporter-output>
          </reporter-output>
        </test-method> <!-- Scenario -->
        <test-method is-config="true" signature="setUpClass()[pri:0, instance:runner.RunnerFile3@692f203f]" started-at="2022-03-22T22:41:44 IST" name="setUpClass" finished-at="2022-03-22T22:41:44 IST" duration-ms="1" status="PASS">
          <reporter-output>
          </reporter-output>
        </test-method> <!-- setUpClass -->
        <test-method signature="Scenario(io.cucumber.testng.PickleWrapper,io.cucumber.testng.FeatureWrapper)[pri:0, instance:runner.RunnerFile3@692f203f]" started-at="2022-03-22T22:41:44 IST" name="Scenario" description="Runs Cucumber Feature" data-provider="Scenarios" finished-at="2022-03-22T22:42:13 IST" duration-ms="28284" status="PASS">
          <params>
            <param index="0">
              <value>
                <![CDATA["Check User is able to login with valid email id"]]>
              </value>
            </param>
            <param index="1">
              <value>
                <![CDATA["Optional[Login Check]"]]>
              </value>
            </param>
          </params>
          <reporter-output>
          </reporter-output>
        </test-method> <!-- Scenario -->
        <test-method signature="Scenario(io.cucumber.testng.PickleWrapper,io.cucumber.testng.FeatureWrapper)[pri:0, instance:runner.RunnerFile3@692f203f]" started-at="2022-03-22T22:42:13 IST" name="Scenario" description="Runs Cucumber Feature" data-provider="Scenarios" finished-at="2022-03-22T22:42:40 IST" duration-ms="27295" status="PASS">
          <params>
            <param index="0">
              <value>
                <![CDATA["Check User is not able to login with invalid mobile number"]]>
              </value>
            </param>
            <param index="1">
              <value>
                <![CDATA["Optional[Login Check]"]]>
              </value>
            </param>
          </params>
          <reporter-output>
          </reporter-output>
        </test-method> <!-- Scenario -->
        <test-method is-config="true" signature="setUpClass()[pri:0, instance:runner.RunnerFile3@692f203f]" started-at="2022-03-22T22:42:13 IST" name="setUpClass" finished-at="2022-03-22T22:42:13 IST" duration-ms="0" status="PASS">
          <reporter-output>
          </reporter-output>
        </test-method> <!-- setUpClass -->
        <test-method is-config="true" signature="setUpClass()[pri:0, instance:runner.RunnerFile3@692f203f]" started-at="2022-03-22T22:42:40 IST" name="setUpClass" finished-at="2022-03-22T22:42:40 IST" duration-ms="0" status="PASS">
          <reporter-output>
          </reporter-output>
        </test-method> <!-- setUpClass -->
        <test-method signature="Scenario(io.cucumber.testng.PickleWrapper,io.cucumber.testng.FeatureWrapper)[pri:0, instance:runner.RunnerFile3@692f203f]" started-at="2022-03-22T22:42:40 IST" name="Scenario" description="Runs Cucumber Feature" data-provider="Scenarios" finished-at="2022-03-22T22:43:07 IST" duration-ms="26858" status="PASS">
          <params>
            <param index="0">
              <value>
                <![CDATA["Check User is not able to login with invalid email id"]]>
              </value>
            </param>
            <param index="1">
              <value>
                <![CDATA["Optional[Login Check]"]]>
              </value>
            </param>
          </params>
          <reporter-output>
          </reporter-output>
        </test-method> <!-- Scenario -->
        <test-method signature="Scenario(io.cucumber.testng.PickleWrapper,io.cucumber.testng.FeatureWrapper)[pri:0, instance:runner.RunnerFile3@692f203f]" started-at="2022-03-22T22:43:07 IST" name="Scenario" description="Runs Cucumber Feature" data-provider="Scenarios" finished-at="2022-03-22T22:43:33 IST" duration-ms="26200" status="PASS">
          <params>
            <param index="0">
              <value>
                <![CDATA["To validate if user is unable to login with null email id/mobile number and password"]]>
              </value>
            </param>
            <param index="1">
              <value>
                <![CDATA["Optional[Login Check]"]]>
              </value>
            </param>
          </params>
          <reporter-output>
          </reporter-output>
        </test-method> <!-- Scenario -->
        <test-method is-config="true" signature="setUpClass()[pri:0, instance:runner.RunnerFile3@692f203f]" started-at="2022-03-22T22:43:07 IST" name="setUpClass" finished-at="2022-03-22T22:43:07 IST" duration-ms="0" status="PASS">
          <reporter-output>
          </reporter-output>
        </test-method> <!-- setUpClass -->
        <test-method is-config="true" signature="setUpClass()[pri:0, instance:runner.RunnerFile3@692f203f]" started-at="2022-03-22T22:43:33 IST" name="setUpClass" finished-at="2022-03-22T22:43:33 IST" duration-ms="0" status="PASS">
          <reporter-output>
          </reporter-output>
        </test-method> <!-- setUpClass -->
        <test-method signature="Scenario(io.cucumber.testng.PickleWrapper,io.cucumber.testng.FeatureWrapper)[pri:0, instance:runner.RunnerFile3@692f203f]" started-at="2022-03-22T22:43:33 IST" name="Scenario" description="Runs Cucumber Feature" data-provider="Scenarios" finished-at="2022-03-22T22:44:16 IST" duration-ms="42971" status="PASS">
          <params>
            <param index="0">
              <value>
                <![CDATA["Check Each drop down functionality"]]>
              </value>
            </param>
            <param index="1">
              <value>
                <![CDATA["Optional[Check drop down functionality of next border]"]]>
              </value>
            </param>
          </params>
          <reporter-output>
          </reporter-output>
        </test-method> <!-- Scenario -->
        <test-method is-config="true" signature="setUpClass()[pri:0, instance:runner.RunnerFile3@692f203f]" started-at="2022-03-22T22:44:16 IST" name="setUpClass" finished-at="2022-03-22T22:44:16 IST" duration-ms="0" status="PASS">
          <reporter-output>
          </reporter-output>
        </test-method> <!-- setUpClass -->
        <test-method signature="Scenario(io.cucumber.testng.PickleWrapper,io.cucumber.testng.FeatureWrapper)[pri:0, instance:runner.RunnerFile3@692f203f]" started-at="2022-03-22T22:44:16 IST" name="Scenario" description="Runs Cucumber Feature" data-provider="Scenarios" finished-at="2022-03-22T22:45:16 IST" duration-ms="59578" status="PASS">
          <params>
            <param index="0">
              <value>
                <![CDATA["Buy Option Functionality"]]>
              </value>
            </param>
            <param index="1">
              <value>
                <![CDATA["Optional[Verification of Buy Options Functionality]"]]>
              </value>
            </param>
          </params>
          <reporter-output>
          </reporter-output>
        </test-method> <!-- Scenario -->
        <test-method is-config="true" signature="setUpClass()[pri:0, instance:runner.RunnerFile3@692f203f]" started-at="2022-03-22T22:45:16 IST" name="setUpClass" finished-at="2022-03-22T22:45:16 IST" duration-ms="0" status="PASS">
          <reporter-output>
          </reporter-output>
        </test-method> <!-- setUpClass -->
        <test-method signature="Scenario(io.cucumber.testng.PickleWrapper,io.cucumber.testng.FeatureWrapper)[pri:0, instance:runner.RunnerFile3@692f203f]" started-at="2022-03-22T22:45:16 IST" name="Scenario" description="Runs Cucumber Feature" data-provider="Scenarios" finished-at="2022-03-22T22:46:08 IST" duration-ms="52420" status="PASS">
          <params>
            <param index="0">
              <value>
                <![CDATA["Sell Option Functionality"]]>
              </value>
            </param>
            <param index="1">
              <value>
                <![CDATA["Optional[Verification of Sell Options Functionality]"]]>
              </value>
            </param>
          </params>
          <reporter-output>
          </reporter-output>
        </test-method> <!-- Scenario -->
        <test-method is-config="true" signature="setUpClass()[pri:0, instance:runner.RunnerFile3@692f203f]" started-at="2022-03-22T22:46:08 IST" name="setUpClass" finished-at="2022-03-22T22:46:08 IST" duration-ms="0" status="PASS">
          <reporter-output>
          </reporter-output>
        </test-method> <!-- setUpClass -->
        <test-method signature="Scenario(io.cucumber.testng.PickleWrapper,io.cucumber.testng.FeatureWrapper)[pri:0, instance:runner.RunnerFile3@692f203f]" started-at="2022-03-22T22:46:08 IST" name="Scenario" description="Runs Cucumber Feature" data-provider="Scenarios" finished-at="2022-03-22T22:47:04 IST" duration-ms="56156" status="PASS">
          <params>
            <param index="0">
              <value>
                <![CDATA["PG Option Functionality"]]>
              </value>
            </param>
            <param index="1">
              <value>
                <![CDATA["Optional[Verification of PG Options Functionality]"]]>
              </value>
            </param>
          </params>
          <reporter-output>
          </reporter-output>
        </test-method> <!-- Scenario -->
        <test-method is-config="true" signature="setUpClass()[pri:0, instance:runner.RunnerFile3@692f203f]" started-at="2022-03-22T22:47:04 IST" name="setUpClass" finished-at="2022-03-22T22:47:04 IST" duration-ms="0" status="PASS">
          <reporter-output>
          </reporter-output>
        </test-method> <!-- setUpClass -->
        <test-method signature="Scenario(io.cucumber.testng.PickleWrapper,io.cucumber.testng.FeatureWrapper)[pri:0, instance:runner.RunnerFile3@692f203f]" started-at="2022-03-22T22:47:04 IST" name="Scenario" description="Runs Cucumber Feature" data-provider="Scenarios" finished-at="2022-03-22T22:47:51 IST" duration-ms="46895" status="PASS">
          <params>
            <param index="0">
              <value>
                <![CDATA["Plot Option Functionality"]]>
              </value>
            </param>
            <param index="1">
              <value>
                <![CDATA["Optional[Verification of Plot Options Functionality]"]]>
              </value>
            </param>
          </params>
          <reporter-output>
          </reporter-output>
        </test-method> <!-- Scenario -->
        <test-method is-config="true" signature="setUpClass()[pri:0, instance:runner.RunnerFile3@692f203f]" started-at="2022-03-22T22:47:51 IST" name="setUpClass" finished-at="2022-03-22T22:47:51 IST" duration-ms="0" status="PASS">
          <reporter-output>
          </reporter-output>
        </test-method> <!-- setUpClass -->
        <test-method signature="Scenario(io.cucumber.testng.PickleWrapper,io.cucumber.testng.FeatureWrapper)[pri:0, instance:runner.RunnerFile3@692f203f]" started-at="2022-03-22T22:47:51 IST" name="Scenario" description="Runs Cucumber Feature" data-provider="Scenarios" finished-at="2022-03-22T22:48:42 IST" duration-ms="50709" status="PASS">
          <params>
            <param index="0">
              <value>
                <![CDATA["Commercial Option Functionality"]]>
              </value>
            </param>
            <param index="1">
              <value>
                <![CDATA["Optional[Verification of Commercial Options Functionality]"]]>
              </value>
            </param>
          </params>
          <reporter-output>
          </reporter-output>
        </test-method> <!-- Scenario -->
        <test-method signature="Scenario(io.cucumber.testng.PickleWrapper,io.cucumber.testng.FeatureWrapper)[pri:0, instance:runner.RunnerFile3@692f203f]" started-at="2022-03-22T22:48:42 IST" name="Scenario" description="Runs Cucumber Feature" data-provider="Scenarios" finished-at="2022-03-22T22:50:27 IST" duration-ms="105196" status="PASS">
          <params>
            <param index="0">
              <value>
                <![CDATA["To check Popular Choices options"]]>
              </value>
            </param>
            <param index="1">
              <value>
                <![CDATA["Optional[To check each functionality under buy dropdown options]"]]>
              </value>
            </param>
          </params>
          <reporter-output>
          </reporter-output>
        </test-method> <!-- Scenario -->
        <test-method is-config="true" signature="setUpClass()[pri:0, instance:runner.RunnerFile3@692f203f]" started-at="2022-03-22T22:48:42 IST" name="setUpClass" finished-at="2022-03-22T22:48:42 IST" duration-ms="0" status="PASS">
          <reporter-output>
          </reporter-output>
        </test-method> <!-- setUpClass -->
        <test-method is-config="true" signature="setUpClass()[pri:0, instance:runner.RunnerFile3@692f203f]" started-at="2022-03-22T22:50:27 IST" name="setUpClass" finished-at="2022-03-22T22:50:27 IST" duration-ms="1" status="PASS">
          <reporter-output>
          </reporter-output>
        </test-method> <!-- setUpClass -->
        <test-method signature="Scenario(io.cucumber.testng.PickleWrapper,io.cucumber.testng.FeatureWrapper)[pri:0, instance:runner.RunnerFile3@692f203f]" started-at="2022-03-22T22:50:27 IST" name="Scenario" description="Runs Cucumber Feature" data-provider="Scenarios" finished-at="2022-03-22T22:53:00 IST" duration-ms="153120" status="PASS">
          <params>
            <param index="0">
              <value>
                <![CDATA["To check Property Types options"]]>
              </value>
            </param>
            <param index="1">
              <value>
                <![CDATA["Optional[To check each functionality under buy dropdown options]"]]>
              </value>
            </param>
          </params>
          <reporter-output>
          </reporter-output>
        </test-method> <!-- Scenario -->
        <test-method is-config="true" signature="setUpClass()[pri:0, instance:runner.RunnerFile3@692f203f]" started-at="2022-03-22T22:53:00 IST" name="setUpClass" finished-at="2022-03-22T22:53:00 IST" duration-ms="0" status="PASS">
          <reporter-output>
          </reporter-output>
        </test-method> <!-- setUpClass -->
        <test-method signature="Scenario(io.cucumber.testng.PickleWrapper,io.cucumber.testng.FeatureWrapper)[pri:0, instance:runner.RunnerFile3@692f203f]" started-at="2022-03-22T22:53:00 IST" name="Scenario" description="Runs Cucumber Feature" data-provider="Scenarios" finished-at="2022-03-22T22:54:39 IST" duration-ms="99130" status="PASS">
          <params>
            <param index="0">
              <value>
                <![CDATA["To check Popular Choices options"]]>
              </value>
            </param>
            <param index="1">
              <value>
                <![CDATA["Optional[To check each functionality under Rent dropdown options]"]]>
              </value>
            </param>
          </params>
          <reporter-output>
          </reporter-output>
        </test-method> <!-- Scenario -->
        <test-method signature="Scenario(io.cucumber.testng.PickleWrapper,io.cucumber.testng.FeatureWrapper)[pri:0, instance:runner.RunnerFile3@692f203f]" started-at="2022-03-22T22:54:39 IST" name="Scenario" description="Runs Cucumber Feature" data-provider="Scenarios" finished-at="2022-03-22T22:56:55 IST" duration-ms="135807" status="PASS">
          <params>
            <param index="0">
              <value>
                <![CDATA["To check Property Type options"]]>
              </value>
            </param>
            <param index="1">
              <value>
                <![CDATA["Optional[To check each functionality under Rent dropdown options]"]]>
              </value>
            </param>
          </params>
          <reporter-output>
          </reporter-output>
        </test-method> <!-- Scenario -->
        <test-method is-config="true" signature="setUpClass()[pri:0, instance:runner.RunnerFile3@692f203f]" started-at="2022-03-22T22:54:39 IST" name="setUpClass" finished-at="2022-03-22T22:54:39 IST" duration-ms="0" status="PASS">
          <reporter-output>
          </reporter-output>
        </test-method> <!-- setUpClass -->
        <test-method is-config="true" signature="setUpClass()[pri:0, instance:runner.RunnerFile3@692f203f]" started-at="2022-03-22T22:56:55 IST" name="setUpClass" finished-at="2022-03-22T22:56:55 IST" duration-ms="1" status="PASS">
          <reporter-output>
          </reporter-output>
        </test-method> <!-- setUpClass -->
        <test-method signature="Scenario(io.cucumber.testng.PickleWrapper,io.cucumber.testng.FeatureWrapper)[pri:0, instance:runner.RunnerFile3@692f203f]" started-at="2022-03-22T22:56:55 IST" name="Scenario" description="Runs Cucumber Feature" data-provider="Scenarios" finished-at="2022-03-22T22:58:15 IST" duration-ms="80156" status="PASS">
          <params>
            <param index="0">
              <value>
                <![CDATA["To check Budget options"]]>
              </value>
            </param>
            <param index="1">
              <value>
                <![CDATA["Optional[To check each functionality under Rent dropdown options]"]]>
              </value>
            </param>
          </params>
          <reporter-output>
          </reporter-output>
        </test-method> <!-- Scenario -->
        <test-method is-config="true" signature="setUpClass()[pri:0, instance:runner.RunnerFile3@692f203f]" started-at="2022-03-22T22:58:15 IST" name="setUpClass" finished-at="2022-03-22T22:58:15 IST" duration-ms="0" status="PASS">
          <reporter-output>
          </reporter-output>
        </test-method> <!-- setUpClass -->
        <test-method signature="Scenario(io.cucumber.testng.PickleWrapper,io.cucumber.testng.FeatureWrapper)[pri:0, instance:runner.RunnerFile3@692f203f]" started-at="2022-03-22T22:58:15 IST" name="Scenario" description="Runs Cucumber Feature" data-provider="Scenarios" finished-at="2022-03-22T23:00:50 IST" duration-ms="155081" status="PASS">
          <params>
            <param index="0">
              <value>
                <![CDATA["To check Explore options"]]>
              </value>
            </param>
            <param index="1">
              <value>
                <![CDATA["Optional[To check each functionality under Rent dropdown options]"]]>
              </value>
            </param>
          </params>
          <reporter-output>
          </reporter-output>
        </test-method> <!-- Scenario -->
        <test-method is-config="true" signature="setUpClass()[pri:0, instance:runner.RunnerFile3@692f203f]" started-at="2022-03-22T23:00:50 IST" name="setUpClass" finished-at="2022-03-22T23:00:50 IST" duration-ms="0" status="PASS">
          <reporter-output>
          </reporter-output>
        </test-method> <!-- setUpClass -->
        <test-method signature="Scenario(io.cucumber.testng.PickleWrapper,io.cucumber.testng.FeatureWrapper)[pri:0, instance:runner.RunnerFile3@692f203f]" started-at="2022-03-22T23:00:50 IST" name="Scenario" description="Runs Cucumber Feature" data-provider="Scenarios" finished-at="2022-03-22T23:01:39 IST" duration-ms="48505" status="PASS">
          <params>
            <param index="0">
              <value>
                <![CDATA["To check For For Owner options"]]>
              </value>
            </param>
            <param index="1">
              <value>
                <![CDATA["Optional[To check each functionality under sell dropdown options]"]]>
              </value>
            </param>
          </params>
          <reporter-output>
          </reporter-output>
        </test-method> <!-- Scenario -->
        <test-method is-config="true" signature="setUpClass()[pri:0, instance:runner.RunnerFile3@692f203f]" started-at="2022-03-22T23:01:39 IST" name="setUpClass" finished-at="2022-03-22T23:01:39 IST" duration-ms="0" status="PASS">
          <reporter-output>
          </reporter-output>
        </test-method> <!-- setUpClass -->
        <test-method signature="Scenario(io.cucumber.testng.PickleWrapper,io.cucumber.testng.FeatureWrapper)[pri:0, instance:runner.RunnerFile3@692f203f]" started-at="2022-03-22T23:01:39 IST" name="Scenario" description="Runs Cucumber Feature" data-provider="Scenarios" finished-at="2022-03-22T23:02:35 IST" duration-ms="56756" status="PASS">
          <params>
            <param index="0">
              <value>
                <![CDATA["To check For For Selling Tools options"]]>
              </value>
            </param>
            <param index="1">
              <value>
                <![CDATA["Optional[To check each functionality under sell dropdown options]"]]>
              </value>
            </param>
          </params>
          <reporter-output>
          </reporter-output>
        </test-method> <!-- Scenario -->
        <test-method is-config="true" signature="setUpClass()[pri:0, instance:runner.RunnerFile3@692f203f]" started-at="2022-03-22T23:02:35 IST" name="setUpClass" finished-at="2022-03-22T23:02:35 IST" duration-ms="1" status="PASS">
          <reporter-output>
          </reporter-output>
        </test-method> <!-- setUpClass -->
        <test-method signature="Scenario(io.cucumber.testng.PickleWrapper,io.cucumber.testng.FeatureWrapper)[pri:0, instance:runner.RunnerFile3@692f203f]" started-at="2022-03-22T23:02:35 IST" name="Scenario" description="Runs Cucumber Feature" data-provider="Scenarios" finished-at="2022-03-22T23:03:46 IST" duration-ms="70168" status="PASS">
          <params>
            <param index="0">
              <value>
                <![CDATA["To check For Apply Now options"]]>
              </value>
            </param>
            <param index="1">
              <value>
                <![CDATA["Optional[To check each functionality under home loans dropdown options]"]]>
              </value>
            </param>
          </params>
          <reporter-output>
          </reporter-output>
        </test-method> <!-- Scenario -->
        <test-method is-config="true" signature="setUpClass()[pri:0, instance:runner.RunnerFile3@692f203f]" started-at="2022-03-22T23:03:46 IST" name="setUpClass" finished-at="2022-03-22T23:03:46 IST" duration-ms="0" status="PASS">
          <reporter-output>
          </reporter-output>
        </test-method> <!-- setUpClass -->
        <test-method signature="Scenario(io.cucumber.testng.PickleWrapper,io.cucumber.testng.FeatureWrapper)[pri:0, instance:runner.RunnerFile3@692f203f]" started-at="2022-03-22T23:03:46 IST" name="Scenario" description="Runs Cucumber Feature" data-provider="Scenarios" finished-at="2022-03-22T23:05:26 IST" duration-ms="100868" status="PASS">
          <params>
            <param index="0">
              <value>
                <![CDATA["To check For Bank Partners options"]]>
              </value>
            </param>
            <param index="1">
              <value>
                <![CDATA["Optional[To check each functionality under home loans dropdown options]"]]>
              </value>
            </param>
          </params>
          <reporter-output>
          </reporter-output>
        </test-method> <!-- Scenario -->
        <test-method is-config="true" signature="tearDownClass()[pri:0, instance:runner.RunnerFile3@692f203f]" started-at="2022-03-22T23:05:26 IST" name="tearDownClass" finished-at="2022-03-22T23:05:27 IST" duration-ms="428" status="PASS">
          <reporter-output>
          </reporter-output>
        </test-method> <!-- tearDownClass -->
      </class> <!-- runner.RunnerFile3 -->
    </test> <!-- Default test -->
  </suite> <!-- Default suite -->
</testng-results>
